# JRE version: Java(TM) SE Runtime Environment (8.0_201-b09) (build 1.8.0_201-b09)
# Java VM: Java HotSpot(TM) 64-Bit Server VM (25.201-b09 mixed mode windows-amd64 compressed oops)
Heap:
 PSYoungGen      total 160256K, used 20308K [0x00000000d6100000, 0x00000000e1480000, 0x0000000100000000)
  eden space 142848K, 14% used [0x00000000d6100000,0x00000000d74d53a8,0x00000000dec80000)
  from space 17408K, 0% used [0x00000000e0000000,0x00000000e0000000,0x00000000e1100000)
  to   space 19968K, 0% used [0x00000000dec80000,0x00000000dec80000,0x00000000e0000000)
 ParOldGen       total 107008K, used 33081K [0x0000000082200000, 0x0000000088a80000, 0x00000000d6100000)
  object space 107008K, 30% used [0x0000000082200000,0x000000008424e570,0x0000000088a80000)
 Metaspace       used 36187K, capacity 36992K, committed 37208K, reserved 1081344K
  class space    used 4421K, capacity 4700K, committed 4736K, reserved 1048576K
GC Heap History (10 events):
Event: 37.784 GC heap before
{Heap before GC invocations=10 (full 1):
 PSYoungGen      total 99840K, used 99756K [0x00000000d6100000, 0x00000000dd080000, 0x0000000100000000)
  eden space 92672K, 100% used [0x00000000d6100000,0x00000000dbb80000,0x00000000dbb80000)
  from space 7168K, 98% used [0x00000000dc980000,0x00000000dd06b030,0x00000000dd080000)
  to   space 10240K, 0% used [0x00000000dbc80000,0x00000000dbc80000,0x00000000dc680000)
 ParOldGen       total 65024K, used 12263K [0x0000000082200000, 0x0000000086180000, 0x00000000d6100000)
  object space 65024K, 18% used [0x0000000082200000,0x0000000082df9d68,0x0000000086180000)
 Metaspace       used 22948K, capacity 23570K, committed 23936K, reserved 1071104K
  class space    used 2696K, capacity 2869K, committed 2944K, reserved 1048576K
Event: 37.793 GC heap after
Heap after GC invocations=10 (full 1):
 PSYoungGen      total 103936K, used 9204K [0x00000000d6100000, 0x00000000de400000, 0x0000000100000000)
  eden space 93696K, 0% used [0x00000000d6100000,0x00000000d6100000,0x00000000dbc80000)
  from space 10240K, 89% used [0x00000000dbc80000,0x00000000dc57d0d0,0x00000000dc680000)
  to   space 10752K, 0% used [0x00000000dd980000,0x00000000dd980000,0x00000000de400000)
 ParOldGen       total 65024K, used 12271K [0x0000000082200000, 0x0000000086180000, 0x00000000d6100000)
  object space 65024K, 18% used [0x0000000082200000,0x0000000082dfbd68,0x0000000086180000)
 Metaspace       used 22948K, capacity 23570K, committed 23936K, reserved 1071104K
  class space    used 2696K, capacity 2869K, committed 2944K, reserved 1048576K
}
Event: 38.942 GC heap before
{Heap before GC invocations=11 (full 1):
 PSYoungGen      total 103936K, used 102900K [0x00000000d6100000, 0x00000000de400000, 0x0000000100000000)
  eden space 93696K, 100% used [0x00000000d6100000,0x00000000dbc80000,0x00000000dbc80000)
  from space 10240K, 89% used [0x00000000dbc80000,0x00000000dc57d0d0,0x00000000dc680000)
  to   space 10752K, 0% used [0x00000000dd980000,0x00000000dd980000,0x00000000de400000)
 ParOldGen       total 65024K, used 12271K [0x0000000082200000, 0x0000000086180000, 0x00000000d6100000)
  object space 65024K, 18% used [0x0000000082200000,0x0000000082dfbd68,0x0000000086180000)
 Metaspace       used 23206K, capacity 23814K, committed 24192K, reserved 1071104K
  class space    used 2717K, capacity 2909K, committed 2944K, reserved 1048576K
Event: 38.957 GC heap after
Heap after GC invocations=11 (full 1):
 PSYoungGen      total 121344K, used 10720K [0x00000000d6100000, 0x00000000deb80000, 0x0000000100000000)
  eden space 110592K, 0% used [0x00000000d6100000,0x00000000d6100000,0x00000000dcd00000)
  from space 10752K, 99% used [0x00000000dd980000,0x00000000de3f8020,0x00000000de400000)
  to   space 12800K, 0% used [0x00000000dcd00000,0x00000000dcd00000,0x00000000dd980000)
 ParOldGen       total 65024K, used 14896K [0x0000000082200000, 0x0000000086180000, 0x00000000d6100000)
  object space 65024K, 22% used [0x0000000082200000,0x000000008308c1b0,0x0000000086180000)
 Metaspace       used 23206K, capacity 23814K, committed 24192K, reserved 1071104K
  class space    used 2717K, capacity 2909K, committed 2944K, reserved 1048576K
}
Event: 41.673 GC heap before
{Heap before GC invocations=12 (full 1):
 PSYoungGen      total 121344K, used 121312K [0x00000000d6100000, 0x00000000deb80000, 0x0000000100000000)
  eden space 110592K, 100% used [0x00000000d6100000,0x00000000dcd00000,0x00000000dcd00000)
  from space 10752K, 99% used [0x00000000dd980000,0x00000000de3f8020,0x00000000de400000)
  to   space 12800K, 0% used [0x00000000dcd00000,0x00000000dcd00000,0x00000000dd980000)
 ParOldGen       total 65024K, used 14896K [0x0000000082200000, 0x0000000086180000, 0x00000000d6100000)
  object space 65024K, 22% used [0x0000000082200000,0x000000008308c1b0,0x0000000086180000)
 Metaspace       used 27629K, capacity 28430K, committed 28800K, reserved 1075200K
  class space    used 3362K, capacity 3637K, committed 3712K, reserved 1048576K
Event: 41.761 GC heap after
Heap after GC invocations=12 (full 1):
 PSYoungGen      total 123392K, used 12768K [0x00000000d6100000, 0x00000000e1100000, 0x0000000100000000)
  eden space 110592K, 0% used [0x00000000d6100000,0x00000000d6100000,0x00000000dcd00000)
  from space 12800K, 99% used [0x00000000dcd00000,0x00000000dd9783c0,0x00000000dd980000)
  to   space 17408K, 0% used [0x00000000e0000000,0x00000000e0000000,0x00000000e1100000)
 ParOldGen       total 65024K, used 23417K [0x0000000082200000, 0x0000000086180000, 0x00000000d6100000)
  object space 65024K, 36% used [0x0000000082200000,0x00000000838de7f8,0x0000000086180000)
 Metaspace       used 27629K, capacity 28430K, committed 28800K, reserved 1075200K
  class space    used 3362K, capacity 3637K, committed 3712K, reserved 1048576K
}
Event: 44.788 GC heap before
{Heap before GC invocations=13 (full 1):
 PSYoungGen      total 123392K, used 70637K [0x00000000d6100000, 0x00000000e1100000, 0x0000000100000000)
  eden space 110592K, 52% used [0x00000000d6100000,0x00000000d99831a8,0x00000000dcd00000)
  from space 12800K, 99% used [0x00000000dcd00000,0x00000000dd9783c0,0x00000000dd980000)
  to   space 17408K, 0% used [0x00000000e0000000,0x00000000e0000000,0x00000000e1100000)
 ParOldGen       total 65024K, used 23417K [0x0000000082200000, 0x0000000086180000, 0x00000000d6100000)
  object space 65024K, 36% used [0x0000000082200000,0x00000000838de7f8,0x0000000086180000)
 Metaspace       used 34427K, capacity 35226K, committed 35416K, reserved 1081344K
  class space    used 4206K, capacity 4473K, committed 4480K, reserved 1048576K
Event: 44.816 GC heap after
Heap after GC invocations=13 (full 1):
 PSYoungGen      total 160256K, used 17400K [0x00000000d6100000, 0x00000000e1480000, 0x0000000100000000)
  eden space 142848K, 0% used [0x00000000d6100000,0x00000000d6100000,0x00000000dec80000)
  from space 17408K, 99% used [0x00000000e0000000,0x00000000e10fe010,0x00000000e1100000)
  to   space 19968K, 0% used [0x00000000dec80000,0x00000000dec80000,0x00000000e0000000)
 ParOldGen       total 65024K, used 24064K [0x0000000082200000, 0x0000000086180000, 0x00000000d6100000)
  object space 65024K, 37% used [0x0000000082200000,0x0000000083980240,0x0000000086180000)
 Metaspace       used 34427K, capacity 35226K, committed 35416K, reserved 1081344K
  class space    used 4206K, capacity 4473K, committed 4480K, reserved 1048576K
}
Event: 44.816 GC heap before
{Heap before GC invocations=14 (full 2):
 PSYoungGen      total 160256K, used 17400K [0x00000000d6100000, 0x00000000e1480000, 0x0000000100000000)
  eden space 142848K, 0% used [0x00000000d6100000,0x00000000d6100000,0x00000000dec80000)
  from space 17408K, 99% used [0x00000000e0000000,0x00000000e10fe010,0x00000000e1100000)
  to   space 19968K, 0% used [0x00000000dec80000,0x00000000dec80000,0x00000000e0000000)
 ParOldGen       total 65024K, used 24064K [0x0000000082200000, 0x0000000086180000, 0x00000000d6100000)
  object space 65024K, 37% used [0x0000000082200000,0x0000000083980240,0x0000000086180000)
 Metaspace       used 34427K, capacity 35226K, committed 35416K, reserved 1081344K
  class space    used 4206K, capacity 4473K, committed 4480K, reserved 1048576K
Event: 44.950 GC heap after
Heap after GC invocations=14 (full 2):
 PSYoungGen      total 160256K, used 0K [0x00000000d6100000, 0x00000000e1480000, 0x0000000100000000)
  eden space 142848K, 0% used [0x00000000d6100000,0x00000000d6100000,0x00000000dec80000)
  from space 17408K, 0% used [0x00000000e0000000,0x00000000e0000000,0x00000000e1100000)
  to   space 19968K, 0% used [0x00000000dec80000,0x00000000dec80000,0x00000000e0000000)
 ParOldGen       total 107008K, used 33081K [0x0000000082200000, 0x0000000088a80000, 0x00000000d6100000)
  object space 107008K, 30% used [0x0000000082200000,0x000000008424e570,0x0000000088a80000)
 Metaspace       used 34427K, capacity 35226K, committed 35416K, reserved 1081344K
  class space    used 4206K, capacity 4473K, committed 4480K, reserved 1048576K
}

